<?xml version="1.0" encoding="UTF-8"?>
<coverage generated="1644415372179" clover="3.2.0">
  <project timestamp="1644415372179" name="All files">
    <metrics statements="35" coveredstatements="35" conditionals="10" coveredconditionals="10" methods="9" coveredmethods="9" elements="54" coveredelements="54" complexity="0" loc="35" ncloc="35" packages="1" files="4" classes="4"/>
    <file name="ejercicio1.js" path="/Users/teresagonzalez/Documents/ejerciciosArrayJS/src/ejercicio1.js">
      <metrics statements="8" coveredstatements="8" conditionals="0" coveredconditionals="0" methods="1" coveredmethods="1"/>
      <line num="1" count="1" type="stmt"/>
      <line num="5" count="1" type="stmt"/>
      <line num="7" count="2" type="stmt"/>
      <line num="9" count="2" type="stmt"/>
      <line num="10" count="2" type="stmt"/>
      <line num="11" count="2" type="stmt"/>
      <line num="14" count="1" type="stmt"/>
      <line num="17" count="1" type="stmt"/>
    </file>
    <file name="ejercicio2.js" path="/Users/teresagonzalez/Documents/ejerciciosArrayJS/src/ejercicio2.js">
      <metrics statements="12" coveredstatements="12" conditionals="8" coveredconditionals="8" methods="1" coveredmethods="1"/>
      <line num="2" count="1" type="stmt"/>
      <line num="3" count="5" type="cond" truecount="2" falsecount="0"/>
      <line num="4" count="2" type="stmt"/>
      <line num="6" count="3" type="cond" truecount="2" falsecount="0"/>
      <line num="7" count="1" type="stmt"/>
      <line num="9" count="2" type="stmt"/>
      <line num="10" count="2" type="stmt"/>
      <line num="12" count="2" type="stmt"/>
      <line num="13" count="18" type="cond" truecount="2" falsecount="0"/>
      <line num="14" count="18" type="cond" truecount="2" falsecount="0"/>
      <line num="16" count="2" type="stmt"/>
      <line num="19" count="1" type="stmt"/>
    </file>
    <file name="ejercicio3.js" path="/Users/teresagonzalez/Documents/ejerciciosArrayJS/src/ejercicio3.js">
      <metrics statements="9" coveredstatements="9" conditionals="0" coveredconditionals="0" methods="5" coveredmethods="5"/>
      <line num="2" count="1" type="stmt"/>
      <line num="5" count="2" type="stmt"/>
      <line num="6" count="6" type="stmt"/>
      <line num="7" count="12" type="stmt"/>
      <line num="11" count="2" type="stmt"/>
      <line num="12" count="8" type="stmt"/>
      <line num="14" count="6" type="stmt"/>
      <line num="15" count="2" type="stmt"/>
      <line num="18" count="1" type="stmt"/>
    </file>
    <file name="ejercicio4.js" path="/Users/teresagonzalez/Documents/ejerciciosArrayJS/src/ejercicio4.js">
      <metrics statements="6" coveredstatements="6" conditionals="2" coveredconditionals="2" methods="2" coveredmethods="2"/>
      <line num="1" count="1" type="stmt"/>
      <line num="3" count="2" type="stmt"/>
      <line num="4" count="16" type="stmt"/>
      <line num="5" count="4" type="cond" truecount="2" falsecount="0"/>
      <line num="6" count="2" type="stmt"/>
      <line num="11" count="1" type="stmt"/>
    </file>
  </project>
</coverage>
