TN:
SF:src/ejercicio1.js
FN:1,(anonymous_0)
FNF:1
FNH:1
FNDA:1,(anonymous_0)
DA:1,1
DA:5,1
DA:7,2
DA:9,2
DA:10,2
DA:11,2
DA:14,1
DA:17,1
LF:8
LH:8
BRF:0
BRH:0
end_of_record
TN:
SF:src/ejercicio2.js
FN:2,(anonymous_0)
FNF:1
FNH:1
FNDA:4,(anonymous_0)
DA:2,1
DA:3,4
DA:4,2
DA:6,2
DA:7,1
DA:9,1
DA:10,1
DA:12,1
DA:13,9
DA:14,9
DA:16,1
DA:19,1
LF:12
LH:12
BRDA:3,0,0,2
BRDA:3,0,1,2
BRDA:6,1,0,1
BRDA:6,1,1,1
BRDA:13,2,0,9
BRDA:13,2,1,3
BRDA:14,3,0,9
BRDA:14,3,1,5
BRF:8
BRH:8
end_of_record
TN:
SF:src/ejercicio3.js
FN:2,(anonymous_0)
FN:5,(anonymous_1)
FN:7,(anonymous_2)
FN:12,(anonymous_3)
FN:14,(anonymous_4)
FNF:5
FNH:5
FNDA:1,(anonymous_0)
FNDA:3,(anonymous_1)
FNDA:6,(anonymous_2)
FNDA:4,(anonymous_3)
FNDA:3,(anonymous_4)
DA:2,1
DA:5,1
DA:6,3
DA:7,6
DA:11,1
DA:12,4
DA:14,3
DA:15,1
DA:18,1
LF:9
LH:9
BRF:0
BRH:0
end_of_record
