TN:
SF:src/ejercicio1.js
FN:1,(anonymous_0)
FNF:1
FNH:1
FNDA:1,(anonymous_0)
DA:1,1
DA:5,1
DA:7,2
DA:9,2
DA:10,2
DA:11,2
DA:14,1
DA:17,1
LF:8
LH:8
BRF:0
BRH:0
end_of_record
TN:
SF:src/ejercicio2.js
FN:2,(anonymous_0)
FNF:1
FNH:1
FNDA:5,(anonymous_0)
DA:2,1
DA:3,5
DA:4,2
DA:6,3
DA:7,1
DA:9,2
DA:10,2
DA:12,2
DA:13,18
DA:14,18
DA:16,2
DA:19,1
LF:12
LH:12
BRDA:3,0,0,2
BRDA:3,0,1,3
BRDA:6,1,0,1
BRDA:6,1,1,2
BRDA:13,2,0,18
BRDA:13,2,1,6
BRDA:14,3,0,18
BRDA:14,3,1,10
BRF:8
BRH:8
end_of_record
TN:
SF:src/ejercicio3.js
FN:2,(anonymous_0)
FN:5,(anonymous_1)
FN:7,(anonymous_2)
FN:12,(anonymous_3)
FN:14,(anonymous_4)
FNF:5
FNH:5
FNDA:2,(anonymous_0)
FNDA:6,(anonymous_1)
FNDA:12,(anonymous_2)
FNDA:8,(anonymous_3)
FNDA:6,(anonymous_4)
DA:2,1
DA:5,2
DA:6,6
DA:7,12
DA:11,2
DA:12,8
DA:14,6
DA:15,2
DA:18,1
LF:9
LH:9
BRF:0
BRH:0
end_of_record
TN:
SF:src/ejercicio4.js
FN:1,(anonymous_0)
FN:4,(anonymous_1)
FNF:2
FNH:2
FNDA:2,(anonymous_0)
FNDA:16,(anonymous_1)
DA:1,1
DA:3,2
DA:4,16
DA:5,4
DA:6,2
DA:11,1
LF:6
LH:6
BRDA:5,0,0,2
BRDA:5,0,1,2
BRF:2
BRH:2
end_of_record
